{
  "RSpec": {
    "coverage": {
      "/Users/banyan/Dropbox/git/jenkins-ci-skip-plugin/models/ci_skip_wrapper.rb": [
        1,
        null,
        1,
        1,
        1,
        null,
        1,
        4,
        null,
        null,
        1,
        4,
        4,
        null,
        4,
        1,
        1,
        null,
        null,
        3,
        3,
        3,
        null,
        3,
        1,
        2,
        2,
        1,
        null,
        null,
        2,
        1,
        null,
        null,
        null,
        1,
        1,
        0,
        0
      ],
      "/Users/banyan/Dropbox/git/jenkins-ci-skip-plugin/spec/models/ci_skip_wrapper_spec.rb": [
        1,
        null,
        1,
        5,
        5,
        5,
        5,
        null,
        1,
        1,
        2,
        null,
        1,
        1,
        1,
        null,
        null,
        null,
        1,
        1,
        1,
        1,
        null,
        null,
        null,
        null,
        null,
        null,
        1,
        2,
        1,
        1,
        1,
        1,
        null,
        null,
        null,
        1,
        1,
        1,
        null,
        null,
        null,
        null,
        null,
        null,
        1,
        1,
        1,
        null,
        null,
        null,
        1,
        1,
        1,
        null,
        null,
        null,
        null,
        null,
        null,
        1,
        1,
        1,
        1
      ],
      "/Users/banyan/Dropbox/git/jenkins-ci-skip-plugin/spec/../lib/ci_skip/matcher.rb": [
        1,
        1,
        1,
        9,
        null,
        null,
        1,
        16
      ]
    },
    "timestamp": 1387812791
  }
}
